原文链接：



大部分 OLTP 负载涉及到随机磁盘读写。在性能上，使用磁盘（包括SSD）比使用内存差，数据库系统使用缓存技术来提高性能。缓存技术是关于将数据存储在内存中，后面就能以更快的速度访问。

PostgreSQL 也利用缓存技术，将数据存储在一个叫做 shared_buffer 的地方。这篇文章中，我们将要探索这个功能，帮助你提供系统的性能。



## PostgreSQL Caching Basics

在深入探究缓存机制的概念之前，我们先温习一下基础知识。

在 PostgreSQL 中，数据被组织在 8KB 的页上，每个这样的页可以包含多个元组(取决于元组的大小)。一个最简单的表示如下图：

![img1](https://severalnines.com/sites/default/files/blog/node_5997/image2.png)



PostgreSQL 缓存如下对象，来加速数据访问：

* 表数据
* 索引
* 执行计划

缓存查询的执行计划主要为了节约 CPU 时间；缓存表数据和索引主要是为了节约磁盘 IO 操作的代价。

PostgreSQL 让用户自己定义给多少内存来缓存这些数据。相关的设置是 `shared_buffers` 。它定义了任何时刻多少个页可以被缓存。

当查询执行的时候，PostgreSQL 查找那些包含相关元组的磁盘页并且将这些磁盘页放在 `shared_buffers` 中。下一次，相同的元组需要被访问，PostgreSQL 可以从内存中读取，节省了磁盘 IO。

![img2](https://severalnines.com/sites/default/files/blog/node_5997/image3.png)



在上图中，一个表的 Page-1 和 Page-2 被缓存。当用户要访问 Tuple-1 到 Tuple-100 的时候，PostgreSQL 可以从内存中来获取数据。

然而，如果查询需要访问 Tuple 250-350，需要对 Page-3 和 Page-4 做磁盘 IO。未来对于 Tuple 201-400 的访问将会从缓存中获取，而无需磁盘IO - 使得查询更加快速。

![img3](https://severalnines.com/sites/default/files/blog/node_5997/image1.png)



在高层，postgresql 遵循 LRU(least recently used) 算法，确认哪些页要被从缓存中移出。换句话说，一个只被访问一次的页更可能被从缓存中移出（与被访问多次的页相比），这种情况下，postgresql 将会把一些新的页移入缓存。



## PostgreSQL Caching in Action

 让我们执行一个例子，看看缓存的对性能的影响。

启动 PostgreSQL 保持 `shared_buffers` 设置是默认值 128MB ：

```shell
$ initdb -D ${HOME}/data
 
$ echo “shared_buffers=128MB” >> ${HOME}/data/postgresql.conf
 
$ pg_ctl -D ${HOME}/data start
```

连接到服务器然后创建一个表 `tbldummy` 并在 `c_id` 上创建一个索引：

```sql
CREATE Table tblDummy
 
(
 
id serial primary key,
 
p_id int,
 
c_id int,
 
entry_time timestamp,
 
entry_value int,
 
description varchar(50)  
 
);
 
CREATE INDEX ON tblDummy(c_id );
```

向 `tbldummy` 插入 200000 条记录，有 10000 个唯一的 p_id，对于每个 p_id 存在 200 个 c_id：

```sql
DO $$
 
DECLARE
 
random_value integer:= 1;
 
BEGIN
 
FOR p_id_ctr IN 1..10000 BY 1 LOOP               
 
FOR c_id_ctr IN 1..200 BY 1 LOOP                                 
 
random_value = (( random() * 75 ) + 25);
 
INSERT INTO tblDummy (p_id,c_id,entry_time, entry_value, description )
 
VALUES (p_id_ctr,c_id_ctr,'now', random_value, CONCAT('Description for :',p_id_ctr, c_id_ctr));
 
END LOOP ;
 
END LOOP ;                      
 
END $$;
```



重启数据库实例，清理掉缓存。现在执行一个查询并检查执行时间

```sql
SELECT pg_stat_reset();
 
EXPLAIN ANAYZE SELECT count(*) from tbldummy where c_id=1;
 
 
 
                           QUERY PLAN
 
--------------------------------------------------------------
 
 Aggregate  (cost=17407.33..17407.34 rows=1 width=8) (actual time=160.269..160.269 rows=1 loops=1)
 
   ->  Bitmap Heap Scan on tbldummy  (cost=189.52..17382.46 rows=9948 width=0) (actual time=10.627..156.275 rows=10000 loops=1)
 
         Recheck Cond: (c_id = 1)
 
         Heap Blocks: exact=10000
 
         ->  Bitmap Index Scan on tbldummy_c_id_idx  (cost=0.00..187.04 rows=9948 width=0) (actual time=5.091..5.091 rows=10000 loops=1)
 
               Index Cond: (c_id = 1)
 
 Planning Time: 1.325 ms
 
 Execution Time: 160.505 ms
```



然后，检查从磁盘上读取了多少个页：

```sql
SELECT heap_blks_read, heap_blks_hit from pg_statio_user_tables where relname='tbldummy';
heap_blks_read | heap_blks_hit
---------------+---------------
10000          |             0
```



在上面的例子中，为了计算 `where c_id = 1` 从磁盘上读取了 10000 个块。消耗了 160ms，因为从磁盘获取数据的 IO。

执行会变的更快，如果再执行一次查询的话，这次所有的块都在 PG 的缓存中：

```sql
SELECT pg_stat_reset();
 
EXPLAIN ANAYZE SELECT count(*) from tbldummy where c_id=1;
 
                                                                
 
                                 QUERY PLAN
 
-------------------------------------------------------------------------------------
 
 Aggregate  (cost=17407.33..17407.34 rows=1 width=8) (actual time=33.760..33.761 rows=1 loops=1)
 
   ->  Bitmap Heap Scan on tbldummy  (cost=189.52..17382.46 rows=9948 width=0) (actual time=9.584..30.576 rows=10000 loops=1)
         Recheck Cond: (c_id = 1)
         Heap Blocks: exact=10000
         ->  Bitmap Index Scan on tbldummy_c_id_idx  (cost=0.00..187.04 rows=9948 width=0) (actual time=4.314..4.314 rows=10000 loops=1)
               Index Cond: (c_id = 1)
 Planning Time: 0.106 ms
 Execution Time: 33.990 ms
```



读取的页的情况：

```sql
SELECT heap_blks_read, heap_blks_hit from pg_statio_user_tables where relname='tbldummy';
 
heap_blks_read | heap_blks_hit
---------------+---------------
    0          |         10000
```

上面的数据显示，所有的块都从缓存中读取而无需磁盘 IO。因此这让结果更快。



## Setting the size of the PostgreSQL Cache

在生产环境，缓存的大小需要根据内存的大小和要被执行的查询进行调整。

一个例子，`shared_buffers = 128MB` 可能无法缓存所有的数据，如果查询要获取更多的数据：

```sql
SELECT pg_stat_reset();
 
SELECT count(*) from tbldummy where c_id < 150;
 
SELECT heap_blks_read, heap_blks_hit from pg_statio_user_tables where relname='tbldummy';
 
 heap_blks_read | heap_blks_hit
----------------+---------------
      20331     |      288
```

改变 shared_buffers 到 1024MB，来增加 head_blks_hit。



实际上，考虑这个查询(基于 c_id)，如果数据被重新组织，可能达到更高的缓存命中率，以更小的 shared_buffers。

![img04](https://severalnines.com/sites/default/files/blog/node_5997/image4.png)



在 Data_Organization-1 中，PG 需要读取 1000 个块(也要这么多的缓存) 来处理 `c_id = 1`。另一方面，对于数据 Data_Organization-2，同样的查询，PG 将需要 104 个块。

相同的查询只需要更少的块，消耗更少的缓存，还保持了优化的查询时间。



## 结论

当 shared_buffers 被维护在 PG 进程级别，kernel 级别的缓存也要被考虑到，来优化查询。